

*******************************************************************************
Tue May 19 18:28:47 2015


FIT:    data read from 'dane.dat' u 1:2
        format = x:z
        #datapoints = 3
        residuals are weighted equally (unit weight)

function used for fitting: f(x)
fitted parameters initialized with current variable values



 Iteration 0
 WSSR        : 3.38936e+10       delta(WSSR)/WSSR   : 0
 delta(WSSR) : 0                 limit for stopping : 1e-05
 lambda	  : 5.65685

initial set of free parameter values

a               = 1
b               = 1

After 5 iterations the fit converged.
final sum of squares of residuals : 2.00567e+06
rel. change during last iteration : -1.16429e-11

degrees of freedom    (FIT_NDF)                        : 1
rms of residuals      (FIT_STDFIT) = sqrt(WSSR/ndf)    : 1416.22
variance of residuals (reduced chisquare) = WSSR/ndf   : 2.00567e+06

Final set of parameters            Asymptotic Standard Error
=======================            ==========================

a               = 3632.17          +/- 218.5        (6.016%)
b               = 79999.2          +/- 1735         (2.168%)


correlation matrix of the fit parameters:

               a      b      
a               1.000 
b              -0.882  1.000 


*******************************************************************************
Tue May 19 18:28:57 2015


FIT:    data read from 'dane.dat' u 1:2
        format = x:z
        #datapoints = 3
        residuals are weighted equally (unit weight)

function used for fitting: f(x)
fitted parameters initialized with current variable values



 Iteration 0
 WSSR        : 3.38936e+10       delta(WSSR)/WSSR   : 0
 delta(WSSR) : 0                 limit for stopping : 1e-05
 lambda	  : 5.65685

initial set of free parameter values

a               = 1
b               = 1

After 5 iterations the fit converged.
final sum of squares of residuals : 2.00567e+06
rel. change during last iteration : -1.16429e-11

degrees of freedom    (FIT_NDF)                        : 1
rms of residuals      (FIT_STDFIT) = sqrt(WSSR/ndf)    : 1416.22
variance of residuals (reduced chisquare) = WSSR/ndf   : 2.00567e+06

Final set of parameters            Asymptotic Standard Error
=======================            ==========================

a               = 3632.17          +/- 218.5        (6.016%)
b               = 79999.2          +/- 1735         (2.168%)


correlation matrix of the fit parameters:

               a      b      
a               1.000 
b              -0.882  1.000 


*******************************************************************************
Tue May 19 18:32:11 2015


FIT:    data read from 'dane.dat' u 1:2
        format = x:z
        #datapoints = 3
        residuals are weighted equally (unit weight)

function used for fitting: f(x)
fitted parameters initialized with current variable values



 Iteration 0
 WSSR        : 3.38936e+10       delta(WSSR)/WSSR   : 0
 delta(WSSR) : 0                 limit for stopping : 1e-05
 lambda	  : 5.65685

initial set of free parameter values

a               = 1
b               = 1

After 5 iterations the fit converged.
final sum of squares of residuals : 2.00567e+06
rel. change during last iteration : -1.16429e-11

degrees of freedom    (FIT_NDF)                        : 1
rms of residuals      (FIT_STDFIT) = sqrt(WSSR/ndf)    : 1416.22
variance of residuals (reduced chisquare) = WSSR/ndf   : 2.00567e+06

Final set of parameters            Asymptotic Standard Error
=======================            ==========================

a               = 3632.17          +/- 218.5        (6.016%)
b               = 79999.2          +/- 1735         (2.168%)


correlation matrix of the fit parameters:

               a      b      
a               1.000 
b              -0.882  1.000 


*******************************************************************************
Tue May 19 18:33:13 2015


FIT:    data read from 'dane.dat' u 1:2
        format = x:z
        #datapoints = 3
        residuals are weighted equally (unit weight)

function used for fitting: f(x)
fitted parameters initialized with current variable values



 Iteration 0
 WSSR        : 3.38936e+10       delta(WSSR)/WSSR   : 0
 delta(WSSR) : 0                 limit for stopping : 1e-05
 lambda	  : 5.65685

initial set of free parameter values

a               = 1
b               = 1

After 5 iterations the fit converged.
final sum of squares of residuals : 2.00567e+06
rel. change during last iteration : -1.16429e-11

degrees of freedom    (FIT_NDF)                        : 1
rms of residuals      (FIT_STDFIT) = sqrt(WSSR/ndf)    : 1416.22
variance of residuals (reduced chisquare) = WSSR/ndf   : 2.00567e+06

Final set of parameters            Asymptotic Standard Error
=======================            ==========================

a               = 3632.17          +/- 218.5        (6.016%)
b               = 79999.2          +/- 1735         (2.168%)


correlation matrix of the fit parameters:

               a      b      
a               1.000 
b              -0.882  1.000 


*******************************************************************************
Tue May 19 18:33:53 2015


FIT:    data read from 'dane.dat' u 1:2
        format = x:z
        #datapoints = 3
        residuals are weighted equally (unit weight)

function used for fitting: f(x)
fitted parameters initialized with current variable values



 Iteration 0
 WSSR        : 3.38936e+10       delta(WSSR)/WSSR   : 0
 delta(WSSR) : 0                 limit for stopping : 1e-05
 lambda	  : 5.65685

initial set of free parameter values

a               = 1
b               = 1

After 5 iterations the fit converged.
final sum of squares of residuals : 2.00567e+06
rel. change during last iteration : -1.16429e-11

degrees of freedom    (FIT_NDF)                        : 1
rms of residuals      (FIT_STDFIT) = sqrt(WSSR/ndf)    : 1416.22
variance of residuals (reduced chisquare) = WSSR/ndf   : 2.00567e+06

Final set of parameters            Asymptotic Standard Error
=======================            ==========================

a               = 3632.17          +/- 218.5        (6.016%)
b               = 79999.2          +/- 1735         (2.168%)


correlation matrix of the fit parameters:

               a      b      
a               1.000 
b              -0.882  1.000 


*******************************************************************************
Tue May 19 18:34:22 2015


FIT:    data read from 'dane.dat' u 1:2
        format = x:z
        x range restricted to [0.00000 : 12.0000]
        #datapoints = 3
        residuals are weighted equally (unit weight)

function used for fitting: f(x)
fitted parameters initialized with current variable values



 Iteration 0
 WSSR        : 3.38936e+10       delta(WSSR)/WSSR   : 0
 delta(WSSR) : 0                 limit for stopping : 1e-05
 lambda	  : 5.65685

initial set of free parameter values

a               = 1
b               = 1

After 5 iterations the fit converged.
final sum of squares of residuals : 2.00567e+06
rel. change during last iteration : -1.16429e-11

degrees of freedom    (FIT_NDF)                        : 1
rms of residuals      (FIT_STDFIT) = sqrt(WSSR/ndf)    : 1416.22
variance of residuals (reduced chisquare) = WSSR/ndf   : 2.00567e+06

Final set of parameters            Asymptotic Standard Error
=======================            ==========================

a               = 3632.17          +/- 218.5        (6.016%)
b               = 79999.2          +/- 1735         (2.168%)


correlation matrix of the fit parameters:

               a      b      
a               1.000 
b              -0.882  1.000 


*******************************************************************************
Tue May 19 18:34:35 2015


FIT:    data read from 'dane.dat' u 1:2
        format = x:z
        x range restricted to [0.00000 : 12.0000]
        #datapoints = 3
        residuals are weighted equally (unit weight)

function used for fitting: f(x)
fitted parameters initialized with current variable values



 Iteration 0
 WSSR        : 3.38936e+10       delta(WSSR)/WSSR   : 0
 delta(WSSR) : 0                 limit for stopping : 1e-05
 lambda	  : 5.65685

initial set of free parameter values

a               = 1
b               = 1

After 5 iterations the fit converged.
final sum of squares of residuals : 2.00567e+06
rel. change during last iteration : -1.16429e-11

degrees of freedom    (FIT_NDF)                        : 1
rms of residuals      (FIT_STDFIT) = sqrt(WSSR/ndf)    : 1416.22
variance of residuals (reduced chisquare) = WSSR/ndf   : 2.00567e+06

Final set of parameters            Asymptotic Standard Error
=======================            ==========================

a               = 3632.17          +/- 218.5        (6.016%)
b               = 79999.2          +/- 1735         (2.168%)


correlation matrix of the fit parameters:

               a      b      
a               1.000 
b              -0.882  1.000 


*******************************************************************************
Tue May 19 18:39:20 2015


FIT:    data read from 'dane.dat' u 1:2
        format = x:z
        x range restricted to [0.00000 : 12.0000]
        #datapoints = 3
        residuals are weighted equally (unit weight)

function used for fitting: f(x)
fitted parameters initialized with current variable values



 Iteration 0
 WSSR        : 3.38936e+10       delta(WSSR)/WSSR   : 0
 delta(WSSR) : 0                 limit for stopping : 1e-05
 lambda	  : 5.65685

initial set of free parameter values

a               = 1
b               = 1

After 5 iterations the fit converged.
final sum of squares of residuals : 2.00567e+06
rel. change during last iteration : -1.16429e-11

degrees of freedom    (FIT_NDF)                        : 1
rms of residuals      (FIT_STDFIT) = sqrt(WSSR/ndf)    : 1416.22
variance of residuals (reduced chisquare) = WSSR/ndf   : 2.00567e+06

Final set of parameters            Asymptotic Standard Error
=======================            ==========================

a               = 3632.17          +/- 218.5        (6.016%)
b               = 79999.2          +/- 1735         (2.168%)


correlation matrix of the fit parameters:

               a      b      
a               1.000 
b              -0.882  1.000 
